<?xml version="1.0" encoding="UTF-8"?>
<testsuite xmlns:xsi="http://www.w3.org/2001/XMLSchema-instance" xsi:noNamespaceSchemaLocation="https://maven.apache.org/surefire/maven-surefire-plugin/xsd/surefire-test-report-3.0.xsd" version="3.0" name="com.example.bookstorespringboot.BookstorespringbootApplicationTests" time="4.149" tests="1" errors="0" skipped="0" failures="0">
  <properties>
    <property name="java.specification.version" value="21"/>
    <property name="sun.cpu.isalist" value="amd64"/>
    <property name="sun.jnu.encoding" value="GBK"/>
    <property name="java.class.path" value="D:\code\bookstorespringboot\target\test-classes;D:\code\bookstorespringboot\target\classes;D:\software_installer\maven\apache-maven-3.9.6-bin\.m2\repository\org\springframework\boot\spring-boot-starter-web\2.6.13\spring-boot-starter-web-2.6.13.jar;D:\software_installer\maven\apache-maven-3.9.6-bin\.m2\repository\org\springframework\boot\spring-boot-starter\2.6.13\spring-boot-starter-2.6.13.jar;D:\software_installer\maven\apache-maven-3.9.6-bin\.m2\repository\org\springframework\boot\spring-boot\2.6.13\spring-boot-2.6.13.jar;D:\software_installer\maven\apache-maven-3.9.6-bin\.m2\repository\org\springframework\boot\spring-boot-autoconfigure\2.6.13\spring-boot-autoconfigure-2.6.13.jar;D:\software_installer\maven\apache-maven-3.9.6-bin\.m2\repository\org\springframework\boot\spring-boot-starter-logging\2.6.13\spring-boot-starter-logging-2.6.13.jar;D:\software_installer\maven\apache-maven-3.9.6-bin\.m2\repository\ch\qos\logback\logback-classic\1.2.11\logback-classic-1.2.11.jar;D:\software_installer\maven\apache-maven-3.9.6-bin\.m2\repository\ch\qos\logback\logback-core\1.2.11\logback-core-1.2.11.jar;D:\software_installer\maven\apache-maven-3.9.6-bin\.m2\repository\org\apache\logging\log4j\log4j-to-slf4j\2.17.2\log4j-to-slf4j-2.17.2.jar;D:\software_installer\maven\apache-maven-3.9.6-bin\.m2\repository\org\apache\logging\log4j\log4j-api\2.17.2\log4j-api-2.17.2.jar;D:\software_installer\maven\apache-maven-3.9.6-bin\.m2\repository\org\slf4j\jul-to-slf4j\1.7.36\jul-to-slf4j-1.7.36.jar;D:\software_installer\maven\apache-maven-3.9.6-bin\.m2\repository\jakarta\annotation\jakarta.annotation-api\1.3.5\jakarta.annotation-api-1.3.5.jar;D:\software_installer\maven\apache-maven-3.9.6-bin\.m2\repository\org\yaml\snakeyaml\1.29\snakeyaml-1.29.jar;D:\software_installer\maven\apache-maven-3.9.6-bin\.m2\repository\org\springframework\boot\spring-boot-starter-json\2.6.13\spring-boot-starter-json-2.6.13.jar;D:\software_installer\maven\apache-maven-3.9.6-bin\.m2\repository\com\fasterxml\jackson\core\jackson-databind\2.13.4.2\jackson-databind-2.13.4.2.jar;D:\software_installer\maven\apache-maven-3.9.6-bin\.m2\repository\com\fasterxml\jackson\core\jackson-annotations\2.13.4\jackson-annotations-2.13.4.jar;D:\software_installer\maven\apache-maven-3.9.6-bin\.m2\repository\com\fasterxml\jackson\core\jackson-core\2.13.4\jackson-core-2.13.4.jar;D:\software_installer\maven\apache-maven-3.9.6-bin\.m2\repository\com\fasterxml\jackson\datatype\jackson-datatype-jdk8\2.13.4\jackson-datatype-jdk8-2.13.4.jar;D:\software_installer\maven\apache-maven-3.9.6-bin\.m2\repository\com\fasterxml\jackson\datatype\jackson-datatype-jsr310\2.13.4\jackson-datatype-jsr310-2.13.4.jar;D:\software_installer\maven\apache-maven-3.9.6-bin\.m2\repository\com\fasterxml\jackson\module\jackson-module-parameter-names\2.13.4\jackson-module-parameter-names-2.13.4.jar;D:\software_installer\maven\apache-maven-3.9.6-bin\.m2\repository\org\springframework\boot\spring-boot-starter-tomcat\2.6.13\spring-boot-starter-tomcat-2.6.13.jar;D:\software_installer\maven\apache-maven-3.9.6-bin\.m2\repository\org\apache\tomcat\embed\tomcat-embed-core\9.0.68\tomcat-embed-core-9.0.68.jar;D:\software_installer\maven\apache-maven-3.9.6-bin\.m2\repository\org\apache\tomcat\embed\tomcat-embed-el\9.0.68\tomcat-embed-el-9.0.68.jar;D:\software_installer\maven\apache-maven-3.9.6-bin\.m2\repository\org\apache\tomcat\embed\tomcat-embed-websocket\9.0.68\tomcat-embed-websocket-9.0.68.jar;D:\software_installer\maven\apache-maven-3.9.6-bin\.m2\repository\org\springframework\spring-web\5.3.23\spring-web-5.3.23.jar;D:\software_installer\maven\apache-maven-3.9.6-bin\.m2\repository\org\springframework\spring-beans\5.3.23\spring-beans-5.3.23.jar;D:\software_installer\maven\apache-maven-3.9.6-bin\.m2\repository\org\springframework\spring-webmvc\5.3.23\spring-webmvc-5.3.23.jar;D:\software_installer\maven\apache-maven-3.9.6-bin\.m2\repository\org\springframework\spring-aop\5.3.23\spring-aop-5.3.23.jar;D:\software_installer\maven\apache-maven-3.9.6-bin\.m2\repository\org\springframework\spring-context\5.3.23\spring-context-5.3.23.jar;D:\software_installer\maven\apache-maven-3.9.6-bin\.m2\repository\org\springframework\spring-expression\5.3.23\spring-expression-5.3.23.jar;D:\software_installer\maven\apache-maven-3.9.6-bin\.m2\repository\com\mysql\mysql-connector-j\8.0.31\mysql-connector-j-8.0.31.jar;D:\software_installer\maven\apache-maven-3.9.6-bin\.m2\repository\org\springframework\boot\spring-boot-starter-test\2.6.13\spring-boot-starter-test-2.6.13.jar;D:\software_installer\maven\apache-maven-3.9.6-bin\.m2\repository\org\springframework\boot\spring-boot-test\2.6.13\spring-boot-test-2.6.13.jar;D:\software_installer\maven\apache-maven-3.9.6-bin\.m2\repository\org\springframework\boot\spring-boot-test-autoconfigure\2.6.13\spring-boot-test-autoconfigure-2.6.13.jar;D:\software_installer\maven\apache-maven-3.9.6-bin\.m2\repository\com\jayway\jsonpath\json-path\2.6.0\json-path-2.6.0.jar;D:\software_installer\maven\apache-maven-3.9.6-bin\.m2\repository\net\minidev\json-smart\2.4.8\json-smart-2.4.8.jar;D:\software_installer\maven\apache-maven-3.9.6-bin\.m2\repository\net\minidev\accessors-smart\2.4.8\accessors-smart-2.4.8.jar;D:\software_installer\maven\apache-maven-3.9.6-bin\.m2\repository\org\ow2\asm\asm\9.1\asm-9.1.jar;D:\software_installer\maven\apache-maven-3.9.6-bin\.m2\repository\org\slf4j\slf4j-api\1.7.36\slf4j-api-1.7.36.jar;D:\software_installer\maven\apache-maven-3.9.6-bin\.m2\repository\jakarta\xml\bind\jakarta.xml.bind-api\2.3.3\jakarta.xml.bind-api-2.3.3.jar;D:\software_installer\maven\apache-maven-3.9.6-bin\.m2\repository\jakarta\activation\jakarta.activation-api\1.2.2\jakarta.activation-api-1.2.2.jar;D:\software_installer\maven\apache-maven-3.9.6-bin\.m2\repository\org\assertj\assertj-core\3.21.0\assertj-core-3.21.0.jar;D:\software_installer\maven\apache-maven-3.9.6-bin\.m2\repository\org\hamcrest\hamcrest\2.2\hamcrest-2.2.jar;D:\software_installer\maven\apache-maven-3.9.6-bin\.m2\repository\org\junit\jupiter\junit-jupiter\5.8.2\junit-jupiter-5.8.2.jar;D:\software_installer\maven\apache-maven-3.9.6-bin\.m2\repository\org\junit\jupiter\junit-jupiter-api\5.8.2\junit-jupiter-api-5.8.2.jar;D:\software_installer\maven\apache-maven-3.9.6-bin\.m2\repository\org\opentest4j\opentest4j\1.2.0\opentest4j-1.2.0.jar;D:\software_installer\maven\apache-maven-3.9.6-bin\.m2\repository\org\junit\platform\junit-platform-commons\1.8.2\junit-platform-commons-1.8.2.jar;D:\software_installer\maven\apache-maven-3.9.6-bin\.m2\repository\org\apiguardian\apiguardian-api\1.1.2\apiguardian-api-1.1.2.jar;D:\software_installer\maven\apache-maven-3.9.6-bin\.m2\repository\org\junit\jupiter\junit-jupiter-params\5.8.2\junit-jupiter-params-5.8.2.jar;D:\software_installer\maven\apache-maven-3.9.6-bin\.m2\repository\org\junit\jupiter\junit-jupiter-engine\5.8.2\junit-jupiter-engine-5.8.2.jar;D:\software_installer\maven\apache-maven-3.9.6-bin\.m2\repository\org\junit\platform\junit-platform-engine\1.8.2\junit-platform-engine-1.8.2.jar;D:\software_installer\maven\apache-maven-3.9.6-bin\.m2\repository\org\mockito\mockito-core\4.0.0\mockito-core-4.0.0.jar;D:\software_installer\maven\apache-maven-3.9.6-bin\.m2\repository\net\bytebuddy\byte-buddy\1.11.22\byte-buddy-1.11.22.jar;D:\software_installer\maven\apache-maven-3.9.6-bin\.m2\repository\net\bytebuddy\byte-buddy-agent\1.11.22\byte-buddy-agent-1.11.22.jar;D:\software_installer\maven\apache-maven-3.9.6-bin\.m2\repository\org\objenesis\objenesis\3.2\objenesis-3.2.jar;D:\software_installer\maven\apache-maven-3.9.6-bin\.m2\repository\org\mockito\mockito-junit-jupiter\4.0.0\mockito-junit-jupiter-4.0.0.jar;D:\software_installer\maven\apache-maven-3.9.6-bin\.m2\repository\org\skyscreamer\jsonassert\1.5.1\jsonassert-1.5.1.jar;D:\software_installer\maven\apache-maven-3.9.6-bin\.m2\repository\com\vaadin\external\google\android-json\0.0.20131108.vaadin1\android-json-0.0.20131108.vaadin1.jar;D:\software_installer\maven\apache-maven-3.9.6-bin\.m2\repository\org\springframework\spring-core\5.3.23\spring-core-5.3.23.jar;D:\software_installer\maven\apache-maven-3.9.6-bin\.m2\repository\org\springframework\spring-jcl\5.3.23\spring-jcl-5.3.23.jar;D:\software_installer\maven\apache-maven-3.9.6-bin\.m2\repository\org\springframework\spring-test\5.3.23\spring-test-5.3.23.jar;D:\software_installer\maven\apache-maven-3.9.6-bin\.m2\repository\org\xmlunit\xmlunit-core\2.8.4\xmlunit-core-2.8.4.jar;D:\software_installer\maven\apache-maven-3.9.6-bin\.m2\repository\org\springframework\boot\spring-boot-starter-data-jpa\2.6.13\spring-boot-starter-data-jpa-2.6.13.jar;D:\software_installer\maven\apache-maven-3.9.6-bin\.m2\repository\org\springframework\boot\spring-boot-starter-aop\2.6.13\spring-boot-starter-aop-2.6.13.jar;D:\software_installer\maven\apache-maven-3.9.6-bin\.m2\repository\org\aspectj\aspectjweaver\1.9.7\aspectjweaver-1.9.7.jar;D:\software_installer\maven\apache-maven-3.9.6-bin\.m2\repository\org\springframework\boot\spring-boot-starter-jdbc\2.6.13\spring-boot-starter-jdbc-2.6.13.jar;D:\software_installer\maven\apache-maven-3.9.6-bin\.m2\repository\com\zaxxer\HikariCP\4.0.3\HikariCP-4.0.3.jar;D:\software_installer\maven\apache-maven-3.9.6-bin\.m2\repository\org\springframework\spring-jdbc\5.3.23\spring-jdbc-5.3.23.jar;D:\software_installer\maven\apache-maven-3.9.6-bin\.m2\repository\jakarta\transaction\jakarta.transaction-api\1.3.3\jakarta.transaction-api-1.3.3.jar;D:\software_installer\maven\apache-maven-3.9.6-bin\.m2\repository\jakarta\persistence\jakarta.persistence-api\2.2.3\jakarta.persistence-api-2.2.3.jar;D:\software_installer\maven\apache-maven-3.9.6-bin\.m2\repository\org\hibernate\hibernate-core\5.6.12.Final\hibernate-core-5.6.12.Final.jar;D:\software_installer\maven\apache-maven-3.9.6-bin\.m2\repository\org\jboss\logging\jboss-logging\3.4.3.Final\jboss-logging-3.4.3.Final.jar;D:\software_installer\maven\apache-maven-3.9.6-bin\.m2\repository\antlr\antlr\2.7.7\antlr-2.7.7.jar;D:\software_installer\maven\apache-maven-3.9.6-bin\.m2\repository\org\jboss\jandex\2.4.2.Final\jandex-2.4.2.Final.jar;D:\software_installer\maven\apache-maven-3.9.6-bin\.m2\repository\com\fasterxml\classmate\1.5.1\classmate-1.5.1.jar;D:\software_installer\maven\apache-maven-3.9.6-bin\.m2\repository\org\hibernate\common\hibernate-commons-annotations\5.1.2.Final\hibernate-commons-annotations-5.1.2.Final.jar;D:\software_installer\maven\apache-maven-3.9.6-bin\.m2\repository\org\glassfish\jaxb\jaxb-runtime\2.3.7\jaxb-runtime-2.3.7.jar;D:\software_installer\maven\apache-maven-3.9.6-bin\.m2\repository\org\glassfish\jaxb\txw2\2.3.7\txw2-2.3.7.jar;D:\software_installer\maven\apache-maven-3.9.6-bin\.m2\repository\com\sun\istack\istack-commons-runtime\3.0.12\istack-commons-runtime-3.0.12.jar;D:\software_installer\maven\apache-maven-3.9.6-bin\.m2\repository\com\sun\activation\jakarta.activation\1.2.2\jakarta.activation-1.2.2.jar;D:\software_installer\maven\apache-maven-3.9.6-bin\.m2\repository\org\springframework\data\spring-data-jpa\2.6.9\spring-data-jpa-2.6.9.jar;D:\software_installer\maven\apache-maven-3.9.6-bin\.m2\repository\org\springframework\data\spring-data-commons\2.6.9\spring-data-commons-2.6.9.jar;D:\software_installer\maven\apache-maven-3.9.6-bin\.m2\repository\org\springframework\spring-orm\5.3.23\spring-orm-5.3.23.jar;D:\software_installer\maven\apache-maven-3.9.6-bin\.m2\repository\org\springframework\spring-tx\5.3.23\spring-tx-5.3.23.jar;D:\software_installer\maven\apache-maven-3.9.6-bin\.m2\repository\org\springframework\spring-aspects\5.3.23\spring-aspects-5.3.23.jar;"/>
    <property name="java.vm.vendor" value="Oracle Corporation"/>
    <property name="sun.arch.data.model" value="64"/>
    <property name="user.variant" value=""/>
    <property name="java.vendor.url" value="https://java.oracle.com/"/>
    <property name="user.timezone" value="Asia/Hong_Kong"/>
    <property name="os.name" value="Windows 11"/>
    <property name="java.vm.specification.version" value="21"/>
    <property name="sun.java.launcher" value="SUN_STANDARD"/>
    <property name="user.country" value="CN"/>
    <property name="sun.boot.library.path" value="D:\software_installer\IntelliJ\jdk\bin"/>
    <property name="sun.java.command" value="C:\Users\23861\AppData\Local\Temp\surefire8297460739457302778\surefirebooter-20240428111414242_3.jar C:\Users\23861\AppData\Local\Temp\surefire8297460739457302778 2024-04-28T11-14-09_934-jvmRun1 surefire-20240428111414242_1tmp surefire_0-20240428111414242_2tmp"/>
    <property name="jdk.debug" value="release"/>
    <property name="surefire.test.class.path" value="D:\code\bookstorespringboot\target\test-classes;D:\code\bookstorespringboot\target\classes;D:\software_installer\maven\apache-maven-3.9.6-bin\.m2\repository\org\springframework\boot\spring-boot-starter-web\2.6.13\spring-boot-starter-web-2.6.13.jar;D:\software_installer\maven\apache-maven-3.9.6-bin\.m2\repository\org\springframework\boot\spring-boot-starter\2.6.13\spring-boot-starter-2.6.13.jar;D:\software_installer\maven\apache-maven-3.9.6-bin\.m2\repository\org\springframework\boot\spring-boot\2.6.13\spring-boot-2.6.13.jar;D:\software_installer\maven\apache-maven-3.9.6-bin\.m2\repository\org\springframework\boot\spring-boot-autoconfigure\2.6.13\spring-boot-autoconfigure-2.6.13.jar;D:\software_installer\maven\apache-maven-3.9.6-bin\.m2\repository\org\springframework\boot\spring-boot-starter-logging\2.6.13\spring-boot-starter-logging-2.6.13.jar;D:\software_installer\maven\apache-maven-3.9.6-bin\.m2\repository\ch\qos\logback\logback-classic\1.2.11\logback-classic-1.2.11.jar;D:\software_installer\maven\apache-maven-3.9.6-bin\.m2\repository\ch\qos\logback\logback-core\1.2.11\logback-core-1.2.11.jar;D:\software_installer\maven\apache-maven-3.9.6-bin\.m2\repository\org\apache\logging\log4j\log4j-to-slf4j\2.17.2\log4j-to-slf4j-2.17.2.jar;D:\software_installer\maven\apache-maven-3.9.6-bin\.m2\repository\org\apache\logging\log4j\log4j-api\2.17.2\log4j-api-2.17.2.jar;D:\software_installer\maven\apache-maven-3.9.6-bin\.m2\repository\org\slf4j\jul-to-slf4j\1.7.36\jul-to-slf4j-1.7.36.jar;D:\software_installer\maven\apache-maven-3.9.6-bin\.m2\repository\jakarta\annotation\jakarta.annotation-api\1.3.5\jakarta.annotation-api-1.3.5.jar;D:\software_installer\maven\apache-maven-3.9.6-bin\.m2\repository\org\yaml\snakeyaml\1.29\snakeyaml-1.29.jar;D:\software_installer\maven\apache-maven-3.9.6-bin\.m2\repository\org\springframework\boot\spring-boot-starter-json\2.6.13\spring-boot-starter-json-2.6.13.jar;D:\software_installer\maven\apache-maven-3.9.6-bin\.m2\repository\com\fasterxml\jackson\core\jackson-databind\2.13.4.2\jackson-databind-2.13.4.2.jar;D:\software_installer\maven\apache-maven-3.9.6-bin\.m2\repository\com\fasterxml\jackson\core\jackson-annotations\2.13.4\jackson-annotations-2.13.4.jar;D:\software_installer\maven\apache-maven-3.9.6-bin\.m2\repository\com\fasterxml\jackson\core\jackson-core\2.13.4\jackson-core-2.13.4.jar;D:\software_installer\maven\apache-maven-3.9.6-bin\.m2\repository\com\fasterxml\jackson\datatype\jackson-datatype-jdk8\2.13.4\jackson-datatype-jdk8-2.13.4.jar;D:\software_installer\maven\apache-maven-3.9.6-bin\.m2\repository\com\fasterxml\jackson\datatype\jackson-datatype-jsr310\2.13.4\jackson-datatype-jsr310-2.13.4.jar;D:\software_installer\maven\apache-maven-3.9.6-bin\.m2\repository\com\fasterxml\jackson\module\jackson-module-parameter-names\2.13.4\jackson-module-parameter-names-2.13.4.jar;D:\software_installer\maven\apache-maven-3.9.6-bin\.m2\repository\org\springframework\boot\spring-boot-starter-tomcat\2.6.13\spring-boot-starter-tomcat-2.6.13.jar;D:\software_installer\maven\apache-maven-3.9.6-bin\.m2\repository\org\apache\tomcat\embed\tomcat-embed-core\9.0.68\tomcat-embed-core-9.0.68.jar;D:\software_installer\maven\apache-maven-3.9.6-bin\.m2\repository\org\apache\tomcat\embed\tomcat-embed-el\9.0.68\tomcat-embed-el-9.0.68.jar;D:\software_installer\maven\apache-maven-3.9.6-bin\.m2\repository\org\apache\tomcat\embed\tomcat-embed-websocket\9.0.68\tomcat-embed-websocket-9.0.68.jar;D:\software_installer\maven\apache-maven-3.9.6-bin\.m2\repository\org\springframework\spring-web\5.3.23\spring-web-5.3.23.jar;D:\software_installer\maven\apache-maven-3.9.6-bin\.m2\repository\org\springframework\spring-beans\5.3.23\spring-beans-5.3.23.jar;D:\software_installer\maven\apache-maven-3.9.6-bin\.m2\repository\org\springframework\spring-webmvc\5.3.23\spring-webmvc-5.3.23.jar;D:\software_installer\maven\apache-maven-3.9.6-bin\.m2\repository\org\springframework\spring-aop\5.3.23\spring-aop-5.3.23.jar;D:\software_installer\maven\apache-maven-3.9.6-bin\.m2\repository\org\springframework\spring-context\5.3.23\spring-context-5.3.23.jar;D:\software_installer\maven\apache-maven-3.9.6-bin\.m2\repository\org\springframework\spring-expression\5.3.23\spring-expression-5.3.23.jar;D:\software_installer\maven\apache-maven-3.9.6-bin\.m2\repository\com\mysql\mysql-connector-j\8.0.31\mysql-connector-j-8.0.31.jar;D:\software_installer\maven\apache-maven-3.9.6-bin\.m2\repository\org\springframework\boot\spring-boot-starter-test\2.6.13\spring-boot-starter-test-2.6.13.jar;D:\software_installer\maven\apache-maven-3.9.6-bin\.m2\repository\org\springframework\boot\spring-boot-test\2.6.13\spring-boot-test-2.6.13.jar;D:\software_installer\maven\apache-maven-3.9.6-bin\.m2\repository\org\springframework\boot\spring-boot-test-autoconfigure\2.6.13\spring-boot-test-autoconfigure-2.6.13.jar;D:\software_installer\maven\apache-maven-3.9.6-bin\.m2\repository\com\jayway\jsonpath\json-path\2.6.0\json-path-2.6.0.jar;D:\software_installer\maven\apache-maven-3.9.6-bin\.m2\repository\net\minidev\json-smart\2.4.8\json-smart-2.4.8.jar;D:\software_installer\maven\apache-maven-3.9.6-bin\.m2\repository\net\minidev\accessors-smart\2.4.8\accessors-smart-2.4.8.jar;D:\software_installer\maven\apache-maven-3.9.6-bin\.m2\repository\org\ow2\asm\asm\9.1\asm-9.1.jar;D:\software_installer\maven\apache-maven-3.9.6-bin\.m2\repository\org\slf4j\slf4j-api\1.7.36\slf4j-api-1.7.36.jar;D:\software_installer\maven\apache-maven-3.9.6-bin\.m2\repository\jakarta\xml\bind\jakarta.xml.bind-api\2.3.3\jakarta.xml.bind-api-2.3.3.jar;D:\software_installer\maven\apache-maven-3.9.6-bin\.m2\repository\jakarta\activation\jakarta.activation-api\1.2.2\jakarta.activation-api-1.2.2.jar;D:\software_installer\maven\apache-maven-3.9.6-bin\.m2\repository\org\assertj\assertj-core\3.21.0\assertj-core-3.21.0.jar;D:\software_installer\maven\apache-maven-3.9.6-bin\.m2\repository\org\hamcrest\hamcrest\2.2\hamcrest-2.2.jar;D:\software_installer\maven\apache-maven-3.9.6-bin\.m2\repository\org\junit\jupiter\junit-jupiter\5.8.2\junit-jupiter-5.8.2.jar;D:\software_installer\maven\apache-maven-3.9.6-bin\.m2\repository\org\junit\jupiter\junit-jupiter-api\5.8.2\junit-jupiter-api-5.8.2.jar;D:\software_installer\maven\apache-maven-3.9.6-bin\.m2\repository\org\opentest4j\opentest4j\1.2.0\opentest4j-1.2.0.jar;D:\software_installer\maven\apache-maven-3.9.6-bin\.m2\repository\org\junit\platform\junit-platform-commons\1.8.2\junit-platform-commons-1.8.2.jar;D:\software_installer\maven\apache-maven-3.9.6-bin\.m2\repository\org\apiguardian\apiguardian-api\1.1.2\apiguardian-api-1.1.2.jar;D:\software_installer\maven\apache-maven-3.9.6-bin\.m2\repository\org\junit\jupiter\junit-jupiter-params\5.8.2\junit-jupiter-params-5.8.2.jar;D:\software_installer\maven\apache-maven-3.9.6-bin\.m2\repository\org\junit\jupiter\junit-jupiter-engine\5.8.2\junit-jupiter-engine-5.8.2.jar;D:\software_installer\maven\apache-maven-3.9.6-bin\.m2\repository\org\junit\platform\junit-platform-engine\1.8.2\junit-platform-engine-1.8.2.jar;D:\software_installer\maven\apache-maven-3.9.6-bin\.m2\repository\org\mockito\mockito-core\4.0.0\mockito-core-4.0.0.jar;D:\software_installer\maven\apache-maven-3.9.6-bin\.m2\repository\net\bytebuddy\byte-buddy\1.11.22\byte-buddy-1.11.22.jar;D:\software_installer\maven\apache-maven-3.9.6-bin\.m2\repository\net\bytebuddy\byte-buddy-agent\1.11.22\byte-buddy-agent-1.11.22.jar;D:\software_installer\maven\apache-maven-3.9.6-bin\.m2\repository\org\objenesis\objenesis\3.2\objenesis-3.2.jar;D:\software_installer\maven\apache-maven-3.9.6-bin\.m2\repository\org\mockito\mockito-junit-jupiter\4.0.0\mockito-junit-jupiter-4.0.0.jar;D:\software_installer\maven\apache-maven-3.9.6-bin\.m2\repository\org\skyscreamer\jsonassert\1.5.1\jsonassert-1.5.1.jar;D:\software_installer\maven\apache-maven-3.9.6-bin\.m2\repository\com\vaadin\external\google\android-json\0.0.20131108.vaadin1\android-json-0.0.20131108.vaadin1.jar;D:\software_installer\maven\apache-maven-3.9.6-bin\.m2\repository\org\springframework\spring-core\5.3.23\spring-core-5.3.23.jar;D:\software_installer\maven\apache-maven-3.9.6-bin\.m2\repository\org\springframework\spring-jcl\5.3.23\spring-jcl-5.3.23.jar;D:\software_installer\maven\apache-maven-3.9.6-bin\.m2\repository\org\springframework\spring-test\5.3.23\spring-test-5.3.23.jar;D:\software_installer\maven\apache-maven-3.9.6-bin\.m2\repository\org\xmlunit\xmlunit-core\2.8.4\xmlunit-core-2.8.4.jar;D:\software_installer\maven\apache-maven-3.9.6-bin\.m2\repository\org\springframework\boot\spring-boot-starter-data-jpa\2.6.13\spring-boot-starter-data-jpa-2.6.13.jar;D:\software_installer\maven\apache-maven-3.9.6-bin\.m2\repository\org\springframework\boot\spring-boot-starter-aop\2.6.13\spring-boot-starter-aop-2.6.13.jar;D:\software_installer\maven\apache-maven-3.9.6-bin\.m2\repository\org\aspectj\aspectjweaver\1.9.7\aspectjweaver-1.9.7.jar;D:\software_installer\maven\apache-maven-3.9.6-bin\.m2\repository\org\springframework\boot\spring-boot-starter-jdbc\2.6.13\spring-boot-starter-jdbc-2.6.13.jar;D:\software_installer\maven\apache-maven-3.9.6-bin\.m2\repository\com\zaxxer\HikariCP\4.0.3\HikariCP-4.0.3.jar;D:\software_installer\maven\apache-maven-3.9.6-bin\.m2\repository\org\springframework\spring-jdbc\5.3.23\spring-jdbc-5.3.23.jar;D:\software_installer\maven\apache-maven-3.9.6-bin\.m2\repository\jakarta\transaction\jakarta.transaction-api\1.3.3\jakarta.transaction-api-1.3.3.jar;D:\software_installer\maven\apache-maven-3.9.6-bin\.m2\repository\jakarta\persistence\jakarta.persistence-api\2.2.3\jakarta.persistence-api-2.2.3.jar;D:\software_installer\maven\apache-maven-3.9.6-bin\.m2\repository\org\hibernate\hibernate-core\5.6.12.Final\hibernate-core-5.6.12.Final.jar;D:\software_installer\maven\apache-maven-3.9.6-bin\.m2\repository\org\jboss\logging\jboss-logging\3.4.3.Final\jboss-logging-3.4.3.Final.jar;D:\software_installer\maven\apache-maven-3.9.6-bin\.m2\repository\antlr\antlr\2.7.7\antlr-2.7.7.jar;D:\software_installer\maven\apache-maven-3.9.6-bin\.m2\repository\org\jboss\jandex\2.4.2.Final\jandex-2.4.2.Final.jar;D:\software_installer\maven\apache-maven-3.9.6-bin\.m2\repository\com\fasterxml\classmate\1.5.1\classmate-1.5.1.jar;D:\software_installer\maven\apache-maven-3.9.6-bin\.m2\repository\org\hibernate\common\hibernate-commons-annotations\5.1.2.Final\hibernate-commons-annotations-5.1.2.Final.jar;D:\software_installer\maven\apache-maven-3.9.6-bin\.m2\repository\org\glassfish\jaxb\jaxb-runtime\2.3.7\jaxb-runtime-2.3.7.jar;D:\software_installer\maven\apache-maven-3.9.6-bin\.m2\repository\org\glassfish\jaxb\txw2\2.3.7\txw2-2.3.7.jar;D:\software_installer\maven\apache-maven-3.9.6-bin\.m2\repository\com\sun\istack\istack-commons-runtime\3.0.12\istack-commons-runtime-3.0.12.jar;D:\software_installer\maven\apache-maven-3.9.6-bin\.m2\repository\com\sun\activation\jakarta.activation\1.2.2\jakarta.activation-1.2.2.jar;D:\software_installer\maven\apache-maven-3.9.6-bin\.m2\repository\org\springframework\data\spring-data-jpa\2.6.9\spring-data-jpa-2.6.9.jar;D:\software_installer\maven\apache-maven-3.9.6-bin\.m2\repository\org\springframework\data\spring-data-commons\2.6.9\spring-data-commons-2.6.9.jar;D:\software_installer\maven\apache-maven-3.9.6-bin\.m2\repository\org\springframework\spring-orm\5.3.23\spring-orm-5.3.23.jar;D:\software_installer\maven\apache-maven-3.9.6-bin\.m2\repository\org\springframework\spring-tx\5.3.23\spring-tx-5.3.23.jar;D:\software_installer\maven\apache-maven-3.9.6-bin\.m2\repository\org\springframework\spring-aspects\5.3.23\spring-aspects-5.3.23.jar;"/>
    <property name="sun.cpu.endian" value="little"/>
    <property name="user.home" value="C:\Users\23861"/>
    <property name="user.language" value="zh"/>
    <property name="java.specification.vendor" value="Oracle Corporation"/>
    <property name="java.version.date" value="2024-01-16"/>
    <property name="java.home" value="D:\software_installer\IntelliJ\jdk"/>
    <property name="file.separator" value="\"/>
    <property name="basedir" value="D:\code\bookstorespringboot"/>
    <property name="java.vm.compressedOopsMode" value="Zero based"/>
    <property name="line.separator" value="&#10;"/>
    <property name="java.vm.specification.vendor" value="Oracle Corporation"/>
    <property name="java.specification.name" value="Java Platform API Specification"/>
    <property name="FILE_LOG_CHARSET" value="UTF-8"/>
    <property name="java.awt.headless" value="true"/>
    <property name="surefire.real.class.path" value="C:\Users\23861\AppData\Local\Temp\surefire8297460739457302778\surefirebooter-20240428111414242_3.jar"/>
    <property name="user.script" value=""/>
    <property name="sun.management.compiler" value="HotSpot 64-Bit Tiered Compilers"/>
    <property name="java.runtime.version" value="21.0.2+13-58"/>
    <property name="user.name" value="23861"/>
    <property name="stdout.encoding" value="GBK"/>
    <property name="path.separator" value=";"/>
    <property name="os.version" value="10.0"/>
    <property name="java.runtime.name" value="OpenJDK Runtime Environment"/>
    <property name="file.encoding" value="UTF-8"/>
    <property name="spring.beaninfo.ignore" value="true"/>
    <property name="java.vm.name" value="OpenJDK 64-Bit Server VM"/>
    <property name="localRepository" value="D:\software_installer\maven\apache-maven-3.9.6-bin\.m2\repository"/>
    <property name="java.vendor.url.bug" value="https://bugreport.java.com/bugreport/"/>
    <property name="java.io.tmpdir" value="C:\Users\23861\AppData\Local\Temp\"/>
    <property name="com.zaxxer.hikari.pool_number" value="1"/>
    <property name="java.version" value="21.0.2"/>
    <property name="user.dir" value="D:\code\bookstorespringboot"/>
    <property name="os.arch" value="amd64"/>
    <property name="java.vm.specification.name" value="Java Virtual Machine Specification"/>
    <property name="PID" value="21380"/>
    <property name="sun.os.patch.level" value=""/>
    <property name="CONSOLE_LOG_CHARSET" value="UTF-8"/>
    <property name="native.encoding" value="GBK"/>
    <property name="java.library.path" value="D:\software_installer\IntelliJ\jdk\bin;C:\WINDOWS\Sun\Java\bin;C:\WINDOWS\system32;C:\WINDOWS;D:\software_installer\anaconda\install\condabin;C:\Program Files (x86)\VMware\VMware Player\bin\;C:\Windows\system32;C:\Windows;C:\Windows\System32\Wbem;C:\Windows\System32\WindowsPowerShell\v1.0\;C:\Windows\System32\OpenSSH\;C:\Program Files (x86)\NVIDIA Corporation\PhysX\Common;C:\WINDOWS\system32;C:\WINDOWS;C:\WINDOWS\System32\Wbem;C:\WINDOWS\System32\WindowsPowerShell\v1.0\;C:\WINDOWS\System32\OpenSSH\;C:\mingw64\bin;C:\Program Files\Git\cmd;C:\Program Files\NVIDIA Corporation\NVIDIA NvDLISR;D:\software_installer\node21.6.1\;D:\software_installer\IntelliJ\jdk\bin;D:\software_installer\IntelliJ\jdk\jdk\bin;D:\software_installer\tomCat\apache-tomcat-10.1.18-windows-x64\apache-tomcat-10.1.18\bin;D:\software_installer\maven\apache-maven-3.9.6-bin\apache-maven-3.9.6\bin;D:\software_installer\wechatapp\微信web开发者工具\dll;D:\mySQL\mysql-8.2.0-winx64\bin;D:\software_installer\android_debug_bridge\ADB;D:\software_installer\anaconda\install;D:\software_installer\anaconda\install\Scripts;D:\software_installer\anaconda\install\Library\mingw-w64\bin;D:\software_installer\anaconda\install\Library\usr\bin;D:\software_installer\anaconda\install\Library\bin;C:\Program Files\MySQL\MySQL Server 8.0\bin;C:\Program Files\MySQL\MySQL Shell 8.0\bin\;D:\python\Scripts\;D:\python\;C:\Users\23861\AppData\Local\Microsoft\WindowsApps;D:\Clion_Installer\CLion 2023.2.2\bin;;D:\python\PyCharm 2023.1\bin;;D:\QT_installer\install_data\5.14.2\mingw73_64\bin;C:\mingw64\bin;D:\vsCode\mingw\MinGW\bin;D:\vsCode\Microsoft VS Code\bin;D:\software_installer\IntelliJ\IntelliJ IDEA 2023.3.2\bin;;D:\software_installer\WebStorm\WebStorm 2023.3.2\bin;;C:\Users\23861\AppData\Roaming\npm;C:\Users\23861\AppData\Local\GitHubDesktop\bin;."/>
    <property name="java.vm.info" value="mixed mode, sharing"/>
    <property name="stderr.encoding" value="GBK"/>
    <property name="java.vendor" value="Oracle Corporation"/>
    <property name="java.vm.version" value="21.0.2+13-58"/>
    <property name="sun.io.unicode.encoding" value="UnicodeLittle"/>
    <property name="java.class.version" value="65.0"/>
  </properties>
  <testcase name="contextLoads" classname="com.example.bookstorespringboot.BookstorespringbootApplicationTests" time="0.084">
    <system-out><![CDATA[11:14:15.240 [main] DEBUG org.springframework.test.context.BootstrapUtils - Instantiating CacheAwareContextLoaderDelegate from class [org.springframework.test.context.cache.DefaultCacheAwareContextLoaderDelegate]
11:14:15.246 [main] DEBUG org.springframework.test.context.BootstrapUtils - Instantiating BootstrapContext using constructor [public org.springframework.test.context.support.DefaultBootstrapContext(java.lang.Class,org.springframework.test.context.CacheAwareContextLoaderDelegate)]
11:14:15.269 [main] DEBUG org.springframework.test.context.BootstrapUtils - Instantiating TestContextBootstrapper for test class [com.example.bookstorespringboot.BookstorespringbootApplicationTests] from class [org.springframework.boot.test.context.SpringBootTestContextBootstrapper]
11:14:15.276 [main] INFO org.springframework.boot.test.context.SpringBootTestContextBootstrapper - Neither @ContextConfiguration nor @ContextHierarchy found for test class [com.example.bookstorespringboot.BookstorespringbootApplicationTests], using SpringBootContextLoader
11:14:15.279 [main] DEBUG org.springframework.test.context.support.AbstractContextLoader - Did not detect default resource location for test class [com.example.bookstorespringboot.BookstorespringbootApplicationTests]: class path resource [com/example/bookstorespringboot/BookstorespringbootApplicationTests-context.xml] does not exist
11:14:15.279 [main] DEBUG org.springframework.test.context.support.AbstractContextLoader - Did not detect default resource location for test class [com.example.bookstorespringboot.BookstorespringbootApplicationTests]: class path resource [com/example/bookstorespringboot/BookstorespringbootApplicationTestsContext.groovy] does not exist
11:14:15.279 [main] INFO org.springframework.test.context.support.AbstractContextLoader - Could not detect default resource locations for test class [com.example.bookstorespringboot.BookstorespringbootApplicationTests]: no resource found for suffixes {-context.xml, Context.groovy}.
11:14:15.279 [main] INFO org.springframework.test.context.support.AnnotationConfigContextLoaderUtils - Could not detect default configuration classes for test class [com.example.bookstorespringboot.BookstorespringbootApplicationTests]: BookstorespringbootApplicationTests does not declare any static, non-private, non-final, nested classes annotated with @Configuration.
11:14:15.312 [main] DEBUG org.springframework.test.context.support.ActiveProfilesUtils - Could not find an 'annotation declaring class' for annotation type [org.springframework.test.context.ActiveProfiles] and class [com.example.bookstorespringboot.BookstorespringbootApplicationTests]
11:14:15.375 [main] DEBUG org.springframework.context.annotation.ClassPathScanningCandidateComponentProvider - Identified candidate component class: file [D:\code\bookstorespringboot\target\classes\com\example\bookstorespringboot\BookstorespringbootApplication.class]
11:14:15.376 [main] INFO org.springframework.boot.test.context.SpringBootTestContextBootstrapper - Found @SpringBootConfiguration com.example.bookstorespringboot.BookstorespringbootApplication for test class com.example.bookstorespringboot.BookstorespringbootApplicationTests
11:14:15.432 [main] DEBUG org.springframework.boot.test.context.SpringBootTestContextBootstrapper - @TestExecutionListeners is not present for class [com.example.bookstorespringboot.BookstorespringbootApplicationTests]: using defaults.
11:14:15.433 [main] INFO org.springframework.boot.test.context.SpringBootTestContextBootstrapper - Loaded default TestExecutionListener class names from location [META-INF/spring.factories]: [org.springframework.boot.test.mock.mockito.MockitoTestExecutionListener, org.springframework.boot.test.mock.mockito.ResetMocksTestExecutionListener, org.springframework.boot.test.autoconfigure.restdocs.RestDocsTestExecutionListener, org.springframework.boot.test.autoconfigure.web.client.MockRestServiceServerResetTestExecutionListener, org.springframework.boot.test.autoconfigure.web.servlet.MockMvcPrintOnlyOnFailureTestExecutionListener, org.springframework.boot.test.autoconfigure.web.servlet.WebDriverTestExecutionListener, org.springframework.boot.test.autoconfigure.webservices.client.MockWebServiceServerTestExecutionListener, org.springframework.test.context.web.ServletTestExecutionListener, org.springframework.test.context.support.DirtiesContextBeforeModesTestExecutionListener, org.springframework.test.context.event.ApplicationEventsTestExecutionListener, org.springframework.test.context.support.DependencyInjectionTestExecutionListener, org.springframework.test.context.support.DirtiesContextTestExecutionListener, org.springframework.test.context.transaction.TransactionalTestExecutionListener, org.springframework.test.context.jdbc.SqlScriptsTestExecutionListener, org.springframework.test.context.event.EventPublishingTestExecutionListener]
11:14:15.443 [main] INFO org.springframework.boot.test.context.SpringBootTestContextBootstrapper - Using TestExecutionListeners: [org.springframework.test.context.web.ServletTestExecutionListener@48e92c5c, org.springframework.test.context.support.DirtiesContextBeforeModesTestExecutionListener@2e1ef60, org.springframework.test.context.event.ApplicationEventsTestExecutionListener@22356acd, org.springframework.boot.test.mock.mockito.MockitoTestExecutionListener@386f0da3, org.springframework.boot.test.autoconfigure.SpringBootDependencyInjectionTestExecutionListener@39655d3e, org.springframework.test.context.support.DirtiesContextTestExecutionListener@34f22f9d, org.springframework.test.context.transaction.TransactionalTestExecutionListener@3d1848cc, org.springframework.test.context.jdbc.SqlScriptsTestExecutionListener@7dda48d9, org.springframework.test.context.event.EventPublishingTestExecutionListener@6e4566f1, org.springframework.boot.test.mock.mockito.ResetMocksTestExecutionListener@4b6e2263, org.springframework.boot.test.autoconfigure.restdocs.RestDocsTestExecutionListener@344f4dea, org.springframework.boot.test.autoconfigure.web.client.MockRestServiceServerResetTestExecutionListener@1b7c473a, org.springframework.boot.test.autoconfigure.web.servlet.MockMvcPrintOnlyOnFailureTestExecutionListener@5e4bd84a, org.springframework.boot.test.autoconfigure.web.servlet.WebDriverTestExecutionListener@648c94da, org.springframework.boot.test.autoconfigure.webservices.client.MockWebServiceServerTestExecutionListener@2a62b5bc]
11:14:15.446 [main] DEBUG org.springframework.test.context.support.AbstractDirtiesContextTestExecutionListener - Before test class: context [DefaultTestContext@62ef27a8 testClass = BookstorespringbootApplicationTests, testInstance = [null], testMethod = [null], testException = [null], mergedContextConfiguration = [WebMergedContextConfiguration@6436a7db testClass = BookstorespringbootApplicationTests, locations = '{}', classes = '{class com.example.bookstorespringboot.BookstorespringbootApplication}', contextInitializerClasses = '[]', activeProfiles = '{}', propertySourceLocations = '{}', propertySourceProperties = '{org.springframework.boot.test.context.SpringBootTestContextBootstrapper=true}', contextCustomizers = set[org.springframework.boot.test.context.filter.ExcludeFilterContextCustomizer@740cae06, org.springframework.boot.test.json.DuplicateJsonObjectContextCustomizerFactory$DuplicateJsonObjectContextCustomizer@644baf4a, org.springframework.boot.test.mock.mockito.MockitoContextCustomizer@0, org.springframework.boot.test.web.client.TestRestTemplateContextCustomizer@17f62e33, org.springframework.boot.test.autoconfigure.actuate.metrics.MetricsExportContextCustomizerFactory$DisableMetricExportContextCustomizer@117159c0, org.springframework.boot.test.autoconfigure.properties.PropertyMappingContextCustomizer@0, org.springframework.boot.test.autoconfigure.web.servlet.WebDriverContextCustomizerFactory$Customizer@15043a2f, org.springframework.boot.test.context.SpringBootTestArgs@1, org.springframework.boot.test.context.SpringBootTestWebEnvironment@1e4a7dd4], resourceBasePath = 'src/main/webapp', contextLoader = 'org.springframework.boot.test.context.SpringBootContextLoader', parent = [null]], attributes = map['org.springframework.test.context.web.ServletTestExecutionListener.activateListener' -> true]], class annotated with @DirtiesContext [false] with mode [null].

  .   ____          _            __ _ _
 /\\ / ___'_ __ _ _(_)_ __  __ _ \ \ \ \
( ( )\___ | '_ | '_| | '_ \/ _` | \ \ \ \
 \\/  ___)| |_)| | | | | || (_| |  ) ) ) )
  '  |____| .__|_| |_|_| |_\__, | / / / /
 =========|_|==============|___/=/_/_/_/
 :: Spring Boot ::               (v2.6.13)

2024-04-28 11:14:15.653  INFO 21380 --- [           main] .e.b.BookstorespringbootApplicationTests : Starting BookstorespringbootApplicationTests using Java 21.0.2 on WangYixiao with PID 21380 (started by 23861 in D:\code\bookstorespringboot)
2024-04-28 11:14:15.654  INFO 21380 --- [           main] .e.b.BookstorespringbootApplicationTests : No active profile set, falling back to 1 default profile: "default"
2024-04-28 11:14:16.179  INFO 21380 --- [           main] .s.d.r.c.RepositoryConfigurationDelegate : Bootstrapping Spring Data JPA repositories in DEFAULT mode.
2024-04-28 11:14:16.237  INFO 21380 --- [           main] .s.d.r.c.RepositoryConfigurationDelegate : Finished Spring Data repository scanning in 50 ms. Found 4 JPA repository interfaces.
2024-04-28 11:14:16.700  INFO 21380 --- [           main] com.zaxxer.hikari.HikariDataSource       : HikariPool-1 - Starting...
2024-04-28 11:14:17.056  INFO 21380 --- [           main] com.zaxxer.hikari.HikariDataSource       : HikariPool-1 - Start completed.
2024-04-28 11:14:17.116  INFO 21380 --- [           main] o.hibernate.jpa.internal.util.LogHelper  : HHH000204: Processing PersistenceUnitInfo [name: default]
2024-04-28 11:14:17.163  INFO 21380 --- [           main] org.hibernate.Version                    : HHH000412: Hibernate ORM core version 5.6.12.Final
2024-04-28 11:14:17.326  INFO 21380 --- [           main] o.hibernate.annotations.common.Version   : HCANN000001: Hibernate Commons Annotations {5.1.2.Final}
2024-04-28 11:14:17.439  INFO 21380 --- [           main] org.hibernate.dialect.Dialect            : HHH000400: Using dialect: org.hibernate.dialect.MySQL8Dialect
2024-04-28 11:14:17.840  INFO 21380 --- [           main] o.h.e.t.j.p.i.JtaPlatformInitiator       : HHH000490: Using JtaPlatform implementation: [org.hibernate.engine.transaction.jta.platform.internal.NoJtaPlatform]
2024-04-28 11:14:17.845  INFO 21380 --- [           main] j.LocalContainerEntityManagerFactoryBean : Initialized JPA EntityManagerFactory for persistence unit 'default'
2024-04-28 11:14:18.776  WARN 21380 --- [           main] JpaBaseConfiguration$JpaWebConfiguration : spring.jpa.open-in-view is enabled by default. Therefore, database queries may be performed during view rendering. Explicitly configure spring.jpa.open-in-view to disable this warning
2024-04-28 11:14:19.001  INFO 21380 --- [           main] o.s.b.a.w.s.WelcomePageHandlerMapping    : Adding welcome page: class path resource [static/index.html]
2024-04-28 11:14:19.208  INFO 21380 --- [           main] .e.b.BookstorespringbootApplicationTests : Started BookstorespringbootApplicationTests in 3.74 seconds (JVM running for 4.848)
]]></system-out>
  </testcase>
</testsuite>